<?xml version="1.0" encoding="UTF-8"?>
<testsuite xmlns:xsi="http://www.w3.org/2001/XMLSchema-instance" xsi:noNamespaceSchemaLocation="https://maven.apache.org/surefire/maven-surefire-plugin/xsd/surefire-test-report-3.0.xsd" version="3.0" name="automatizado.test.GoogleTest" time="27.351" tests="2" errors="0" skipped="0" failures="0">
  <properties>
[...]
</properties>
  <testcase name="TC001_deveSerPossivelPequisarNoGoogleOTextoBatataFrita" classname="automatizado.test.GoogleTest" time="14.35">
    <system-err><![CDATA[SLF4J: Failed to load class "org.slf4j.impl.StaticLoggerBinder".
SLF4J: Defaulting to no-operation (NOP) logger implementation
SLF4J: See http://www.slf4j.org/codes.html#StaticLoggerBinder for further details.
jul. 25, 2025 7:04:00 PM org.openqa.selenium.devtools.CdpVersionFinder findNearestMatch
ADVERTÊNCIA: Unable to find CDP implementation matching 138
jul. 25, 2025 7:04:00 PM org.openqa.selenium.chromium.ChromiumDriver lambda$new$5
ADVERTÊNCIA: Unable to find version of CDP to use for 138.0.7204.169. You may need to include a dependency on a specific version of the CDP using something similar to `org.seleniumhq.selenium:selenium-devtools-v86:4.11.0` where the version ("v86") matches the version of the chromium-based browser you're using and the version number of the artifact is the same as Selenium's.
]]></system-err>
  </testcase>
  <testcase name="TC002_deveSerPossivelPequisarNoGoogleOTextoNutella" classname="automatizado.test.GoogleTest" time="7.55"/>
</testsuite>